[debug] [2024-11-11T22:24:53.232Z] ----------------------------------------------------------------------
[debug] [2024-11-11T22:24:53.239Z] Command:       C:\Program Files\nodejs\node.exe C:\Users\Meu Computador\AppData\Roaming\npm\node_modules\firebase-tools\lib\bin\firebase.js init
[debug] [2024-11-11T22:24:53.241Z] CLI Version:   13.24.2
[debug] [2024-11-11T22:24:53.242Z] Platform:      win32
[debug] [2024-11-11T22:24:53.242Z] Node Version:  v20.17.0
[debug] [2024-11-11T22:24:53.243Z] Time:          Mon Nov 11 2024 19:24:53 GMT-0300 (Horário Padrão de Brasília)
[debug] [2024-11-11T22:24:53.244Z] ----------------------------------------------------------------------
[debug] 
[debug] [2024-11-11T22:24:53.265Z] > command requires scopes: ["email","openid","https://www.googleapis.com/auth/cloudplatformprojects.readonly","https://www.googleapis.com/auth/firebase","https://www.googleapis.com/auth/cloud-platform"]
[debug] [2024-11-11T22:24:53.266Z] > authorizing via signed-in user (victormoura623@gmail.com)
[info] 
     ######## #### ########  ######## ########     ###     ######  ########
     ##        ##  ##     ## ##       ##     ##  ##   ##  ##       ##
     ######    ##  ########  ######   ########  #########  ######  ######
     ##        ##  ##    ##  ##       ##     ## ##     ##       ## ##
     ##       #### ##     ## ######## ########  ##     ##  ######  ########

You're about to initialize a Firebase project in this directory:

  C:\Users\Meu Computador\Downloads\Lading page1.1\Lading page

[info] 
=== Project Setup
[info] 
[info] First, let's associate this project directory with a Firebase project.
[info] You can create multiple project aliases by running firebase use --add, 
[info] but for now we'll just set up a default project.
[info] 
